<?xml version="1.0" encoding="UTF-8"?>
<testsuite xmlns:xsi="http://www.w3.org/2001/XMLSchema-instance" xsi:noNamespaceSchemaLocation="https://maven.apache.org/surefire/maven-surefire-plugin/xsd/surefire-test-report.xsd" version="3.0.2" name="br.com.felipe034sato.StartupTests" time="4.988" tests="1" errors="0" skipped="0" failures="0" flakes="0">
  <properties>
[...]
</properties>
  <testcase name="contextLoads" classname="br.com.felipe034sato.StartupTests" time="1.056">
    <system-out><![CDATA[09:46:36.928 [main] INFO org.springframework.test.context.support.AnnotationConfigContextLoaderUtils -- Could not detect default configuration classes for test class [br.com.felipe034sato.StartupTests]: StartupTests does not declare any static, non-private, non-final, nested classes annotated with @Configuration.
09:46:37.162 [main] INFO org.springframework.boot.test.context.SpringBootTestContextBootstrapper -- Found @SpringBootConfiguration br.com.felipe034sato.Startup for test class br.com.felipe034sato.StartupTests
09:46:37.359 [main] INFO org.springframework.test.context.support.AnnotationConfigContextLoaderUtils -- Could not detect default configuration classes for test class [br.com.felipe034sato.StartupTests]: StartupTests does not declare any static, non-private, non-final, nested classes annotated with @Configuration.
09:46:37.363 [main] INFO org.springframework.boot.test.context.SpringBootTestContextBootstrapper -- Found @SpringBootConfiguration br.com.felipe034sato.Startup for test class br.com.felipe034sato.StartupTests
09:46:37.551 [main] INFO org.springframework.boot.devtools.restart.RestartApplicationListener -- Restart disabled due to context in which it is running

  .   ____          _            __ _ _
 /\\ / ___'_ __ _ _(_)_ __  __ _ \ \ \ \
( ( )\___ | '_ | '_| | '_ \/ _` | \ \ \ \
 \\/  ___)| |_)| | | | | || (_| |  ) ) ) )
  '  |____| .__|_| |_|_| |_\__, | / / / /
 =========|_|==============|___/=/_/_/_/

 :: Spring Boot ::                (v4.0.5)

2026-03-27T09:46:38.104-03:00  INFO 11112 --- [           main] br.com.felipe034sato.StartupTests        : Starting StartupTests using Java 25 with PID 11112 (started by Felipe in C:\Users\Felipe\OneDrive - Fiap-Faculdade de Informática e Administração Paulista\Fiap 23-24\spring-boot-api\fp-rest-spring-boot\fp-rest-spring-boot)
2026-03-27T09:46:38.108-03:00  INFO 11112 --- [           main] br.com.felipe034sato.StartupTests        : No active profile set, falling back to 1 default profile: "default"
2026-03-27T09:46:40.469-03:00  INFO 11112 --- [           main] br.com.felipe034sato.StartupTests        : Started StartupTests in 2.955 seconds (process running for 5.176)
]]></system-out>
    <system-err><![CDATA[Mockito is currently self-attaching to enable the inline-mock-maker. This will no longer work in future releases of the JDK. Please add Mockito as an agent to your build as described in Mockito's documentation: https://javadoc.io/doc/org.mockito/mockito-core/latest/org.mockito/org/mockito/Mockito.html#0.3
WARNING: A Java agent has been loaded dynamically (C:\Users\Felipe\.m2\repository\net\bytebuddy\byte-buddy-agent\1.17.8\byte-buddy-agent-1.17.8.jar)
WARNING: If a serviceability tool is in use, please run with -XX:+EnableDynamicAgentLoading to hide this warning
WARNING: If a serviceability tool is not in use, please run with -Djdk.instrument.traceUsage for more information
WARNING: Dynamic loading of agents will be disallowed by default in a future release
]]></system-err>
  </testcase>
</testsuite>